A D/beatnik////
A D/dmv177////
A D/ep1a////
A D/eth_comm////
A D/gen405////
A D/gen5200////
A D/gen83xx////
A D/haleakala////
A D/helas403////
A D/mbx8xx////
A D/mcp750////
A D/motorola_powerpc////
A D/mpc55xxevb////
A D/mpc8260ads////
A D/mvme2307////
A D/mvme3100////
A D/mvme5500////
A D/papyrus////
A D/ppcn_60x////
A D/psim////
A D/qemuppc////
A D/score603e////
A D/shared////
A D/ss555////
A D/support////
A D/tqm8xx////
A D/virtex////
R D/support////
R D/ppcn_60x////
R D/papyrus////
R D/mvme2307////
R D/mcp750////
R D/helas403////
R D/gen405////
R D/eth_comm////
R D/dmv177////
