A D/FAQ////
A D/ada_user////
A D/bsp_howto////
A D/common////
A D/cpu_supplement////
A D/develenv////
A D/filesystem////
A D/gnu_docs////
A D/images////
A D/itron3.0////
A D/networking////
A D/new_chapters////
A D/porting////
A D/posix1003.1////
A D/posix_users////
A D/relnotes////
A D/rgdb_specs////
A D/rtems_gdb////
A D/shell////
A D/src2html////
A D/started////
A D/started_ada////
A D/supplements////
A D/texinfo////
A D/tools////
A D/user////
R D/texinfo////
R D/supplements////
R D/src2html////
R D/rtems_gdb////
R D/rgdb_specs////
R D/gnu_docs////
R D/FAQ////
