A D/autotools////
A D/binutils////
A D/common////
A D/cpukit////
A D/cygwin////
A D/freebsd5.2////
A D/freebsd6.0////
A D/freebsd6.1////
A D/freebsd6.2////
A D/freebsd6.3////
A D/freebsd6.4////
A D/freebsd7.0////
A D/freebsd7.1////
A D/freebsd7.2////
A D/freebsd7.3////
A D/freebsd8.0////
A D/freebsd8.1////
A D/gcc////
A D/gdb////
A D/mingw32////
A D/netbsd4.0.1////
A D/netbsd5.0.1////
A D/netbsd5.0.2////
A D/patches////
A D/rtems////
A D/rtems4.10////
A D/rtems4.11////
A D/rtems4.7////
A D/rtems4.8////
A D/rtems4.9////
A D/solaris2.7////
R D/solaris2.7////
R D/rtems4.9////
R D/rtems4.8////
R D/rtems4.7////
R D/rtems4.11////
R D/rtems////
R D/netbsd5.0.2////
R D/netbsd5.0.1////
R D/netbsd4.0.1////
R D/mingw32////
R D/freebsd8.1////
R D/freebsd8.0////
R D/freebsd7.3////
R D/freebsd7.2////
R D/freebsd7.1////
R D/freebsd7.0////
R D/freebsd6.4////
R D/freebsd6.3////
R D/freebsd6.2////
R D/freebsd6.1////
R D/freebsd6.0////
R D/freebsd5.2////
R D/cygwin////
